0 info it worked if it ends with ok
1 verbose cli [ 'node',
1 verbose cli   '/usr/local/bin/npm',
1 verbose cli   'install',
1 verbose cli   'isomorphic-fetch',
1 verbose cli   '--save' ]
2 info using npm@1.4.28
3 info using node@v0.10.33
4 verbose node symlink /usr/bin/node
5 warn package.json PDP-concept@1.0.0 No repository field.
6 warn package.json PDP-concept@1.0.0 No README data
7 warn package.json path@0.12.7 path is also the name of a node core module.
8 verbose readDependencies using package.json deps
9 verbose cache add [ 'isomorphic-fetch', null ]
10 verbose cache add name=undefined spec="isomorphic-fetch" args=["isomorphic-fetch",null]
11 verbose parsed url { protocol: null,
11 verbose parsed url   slashes: null,
11 verbose parsed url   auth: null,
11 verbose parsed url   host: null,
11 verbose parsed url   port: null,
11 verbose parsed url   hostname: null,
11 verbose parsed url   hash: null,
11 verbose parsed url   search: null,
11 verbose parsed url   query: null,
11 verbose parsed url   pathname: 'isomorphic-fetch',
11 verbose parsed url   path: 'isomorphic-fetch',
11 verbose parsed url   href: 'isomorphic-fetch' }
12 silly lockFile 39b88124-isomorphic-fetch isomorphic-fetch
13 verbose lock isomorphic-fetch /Users/alex/.npm/39b88124-isomorphic-fetch.lock
14 silly lockFile 39b88124-isomorphic-fetch isomorphic-fetch
15 silly lockFile 39b88124-isomorphic-fetch isomorphic-fetch
16 verbose addNamed [ 'isomorphic-fetch', '' ]
17 verbose addNamed [ null, '*' ]
18 silly lockFile 8e35dc90-isomorphic-fetch isomorphic-fetch@
19 verbose lock isomorphic-fetch@ /Users/alex/.npm/8e35dc90-isomorphic-fetch.lock
20 silly addNameRange { name: 'isomorphic-fetch', range: '*', hasData: false }
21 verbose request where is /isomorphic-fetch
22 verbose request registry https://registry.npmjs.org/
23 verbose request id 548a29f7ed2279f9
24 verbose url raw /isomorphic-fetch
25 verbose url resolving [ 'https://registry.npmjs.org/', './isomorphic-fetch' ]
26 verbose url resolved https://registry.npmjs.org/isomorphic-fetch
27 verbose request where is https://registry.npmjs.org/isomorphic-fetch
28 info trying registry request attempt 1 at 15:49:03
29 verbose etag "DD40AL86JI3I2M5DRQI1990W6"
30 http GET https://registry.npmjs.org/isomorphic-fetch
31 http 200 https://registry.npmjs.org/isomorphic-fetch
32 silly registry.get cb [ 200,
32 silly registry.get   { server: 'CouchDB/1.5.0 (Erlang OTP/R16B03)',
32 silly registry.get     etag: '"BCLR9ZCYKEL3M48TZ44A0EJBM"',
32 silly registry.get     'content-type': 'application/json',
32 silly registry.get     'cache-control': 'max-age=60',
32 silly registry.get     'content-length': '30520',
32 silly registry.get     'accept-ranges': 'bytes',
32 silly registry.get     date: 'Fri, 25 Sep 2015 14:49:08 GMT',
32 silly registry.get     via: '1.1 varnish',
32 silly registry.get     age: '0',
32 silly registry.get     connection: 'keep-alive',
32 silly registry.get     'x-served-by': 'cache-lhr6324-LHR',
32 silly registry.get     'x-cache': 'HIT',
32 silly registry.get     'x-cache-hits': '1',
32 silly registry.get     'x-timer': 'S1443192547.810925,VS0,VE394',
32 silly registry.get     vary: 'Accept' } ]
33 silly addNameRange number 2 { name: 'isomorphic-fetch', range: '*', hasData: true }
34 silly addNameRange versions [ 'isomorphic-fetch',
34 silly addNameRange   [ '1.0.0',
34 silly addNameRange     '1.0.2',
34 silly addNameRange     '1.1.0',
34 silly addNameRange     '1.1.1',
34 silly addNameRange     '1.1.2',
34 silly addNameRange     '1.1.3',
34 silly addNameRange     '1.2.0',
34 silly addNameRange     '1.3.0',
34 silly addNameRange     '1.4.0',
34 silly addNameRange     '1.5.0',
34 silly addNameRange     '1.5.1',
34 silly addNameRange     '1.5.2',
34 silly addNameRange     '1.6.0',
34 silly addNameRange     '1.6.1',
34 silly addNameRange     '1.7.0',
34 silly addNameRange     '2.0.0',
34 silly addNameRange     '2.0.1',
34 silly addNameRange     '2.0.2',
34 silly addNameRange     '2.1.0',
34 silly addNameRange     '2.1.1' ] ]
35 verbose addNamed [ 'isomorphic-fetch', '2.1.1' ]
36 verbose addNamed [ '2.1.1', '2.1.1' ]
37 silly lockFile a854fc82-isomorphic-fetch-2-1-1 isomorphic-fetch@2.1.1
38 verbose lock isomorphic-fetch@2.1.1 /Users/alex/.npm/a854fc82-isomorphic-fetch-2-1-1.lock
39 silly lockFile a854fc82-isomorphic-fetch-2-1-1 isomorphic-fetch@2.1.1
40 silly lockFile a854fc82-isomorphic-fetch-2-1-1 isomorphic-fetch@2.1.1
41 silly lockFile 8e35dc90-isomorphic-fetch isomorphic-fetch@
42 silly lockFile 8e35dc90-isomorphic-fetch isomorphic-fetch@
43 error Error: EACCES, open '/Users/alex/.npm/isomorphic-fetch/2.1.1/package/package.json.2089'
43 error  { [Error: EACCES, open '/Users/alex/.npm/isomorphic-fetch/2.1.1/package/package.json.2089']
43 error   errno: 3,
43 error   code: 'EACCES',
43 error   path: '/Users/alex/.npm/isomorphic-fetch/2.1.1/package/package.json.2089',
43 error   parent: 'PDP-concept' }
44 error Please try running this command again as root/Administrator.
45 error System Darwin 13.1.0
46 error command "node" "/usr/local/bin/npm" "install" "isomorphic-fetch" "--save"
47 error cwd /Users/alex/Documents/Development/mydev/PDP-concept
48 error node -v v0.10.33
49 error npm -v 1.4.28
50 error path /Users/alex/.npm/isomorphic-fetch/2.1.1/package/package.json.2089
51 error code EACCES
52 error errno 3
53 error stack Error: EACCES, open '/Users/alex/.npm/isomorphic-fetch/2.1.1/package/package.json.2089'
54 verbose exit [ 3, true ]
